<?xml version="1.0" encoding="UTF-8"?>
<testng-results ignored="0" total="1" passed="1" failed="0" skipped="0">
  <reporter-output>
    <line>
      <![CDATA[hello]]>
    </line>
  </reporter-output>
  <suite started-at="2022-08-13T17:04:36 IST" name="Default suite" finished-at="2022-08-13T17:04:36 IST" duration-ms="36">
    <groups>
    </groups>
    <test started-at="2022-08-13T17:04:36 IST" name="Default test" finished-at="2022-08-13T17:04:36 IST" duration-ms="36">
      <class name="com.saturday.PracticeTest">
        <test-method signature="testStart()[pri:0, instance:com.saturday.PracticeTest@2e222612]" started-at="2022-08-13T17:04:36 IST" name="testStart" finished-at="2022-08-13T17:04:36 IST" duration-ms="5" status="PASS">
          <reporter-output>
            <line>
              <![CDATA[hello]]>
            </line>
          </reporter-output>
        </test-method> <!-- testStart -->
      </class> <!-- com.saturday.PracticeTest -->
    </test> <!-- Default test -->
  </suite> <!-- Default suite -->
</testng-results>
